# JRE version: Java(TM) SE Runtime Environment (8.0_40-b27) (build 1.8.0_40-b27)
# Java VM: Java HotSpot(TM) 64-Bit Server VM (25.40-b25 mixed mode bsd-amd64 compressed oops)
Heap:
 PSYoungGen      total 25088K, used 7656K [0x00000007aab00000, 0x00000007ad000000, 0x00000007c0000000)
  eden space 22528K, 22% used [0x00000007aab00000,0x00000007ab002168,0x00000007ac100000)
  from space 2560K, 98% used [0x00000007acd80000,0x00000007acff8010,0x00000007ad000000)
  to   space 2560K, 0% used [0x00000007acb00000,0x00000007acb00000,0x00000007acd80000)
 ParOldGen       total 38912K, used 9759K [0x0000000780000000, 0x0000000782600000, 0x00000007aab00000)
  object space 38912K, 25% used [0x0000000780000000,0x0000000780987d88,0x0000000782600000)
 Metaspace       used 24012K, capacity 25194K, committed 25344K, reserved 1071104K
  class space    used 3243K, capacity 3492K, committed 3584K, reserved 1048576K
GC Heap History (10 events):
Event: 1.011 GC heap before
{Heap before GC invocations=1 (full 0):
 PSYoungGen      total 18944K, used 16384K [0x00000007aab00000, 0x00000007ac000000, 0x00000007c0000000)
  eden space 16384K, 100% used [0x00000007aab00000,0x00000007abb00000,0x00000007abb00000)
  from space 2560K, 0% used [0x00000007abd80000,0x00000007abd80000,0x00000007ac000000)
  to   space 2560K, 0% used [0x00000007abb00000,0x00000007abb00000,0x00000007abd80000)
 ParOldGen       total 44032K, used 0K [0x0000000780000000, 0x0000000782b00000, 0x00000007aab00000)
  object space 44032K, 0% used [0x0000000780000000,0x0000000780000000,0x0000000782b00000)
 Metaspace       used 9076K, capacity 9406K, committed 9472K, reserved 1056768K
  class space    used 1104K, capacity 1231K, committed 1280K, reserved 1048576K
Event: 1.017 GC heap after
Heap after GC invocations=1 (full 0):
 PSYoungGen      total 18944K, used 2528K [0x00000007aab00000, 0x00000007ac000000, 0x00000007c0000000)
  eden space 16384K, 0% used [0x00000007aab00000,0x00000007aab00000,0x00000007abb00000)
  from space 2560K, 98% used [0x00000007abb00000,0x00000007abd78050,0x00000007abd80000)
  to   space 2560K, 0% used [0x00000007abd80000,0x00000007abd80000,0x00000007ac000000)
 ParOldGen       total 44032K, used 328K [0x0000000780000000, 0x0000000782b00000, 0x00000007aab00000)
  object space 44032K, 0% used [0x0000000780000000,0x0000000780052000,0x0000000782b00000)
 Metaspace       used 9076K, capacity 9406K, committed 9472K, reserved 1056768K
  class space    used 1104K, capacity 1231K, committed 1280K, reserved 1048576K
}
Event: 1.861 GC heap before
{Heap before GC invocations=2 (full 0):
 PSYoungGen      total 18944K, used 18912K [0x00000007aab00000, 0x00000007ac000000, 0x00000007c0000000)
  eden space 16384K, 100% used [0x00000007aab00000,0x00000007abb00000,0x00000007abb00000)
  from space 2560K, 98% used [0x00000007abb00000,0x00000007abd78050,0x00000007abd80000)
  to   space 2560K, 0% used [0x00000007abd80000,0x00000007abd80000,0x00000007ac000000)
 ParOldGen       total 44032K, used 328K [0x0000000780000000, 0x0000000782b00000, 0x00000007aab00000)
  object space 44032K, 0% used [0x0000000780000000,0x0000000780052000,0x0000000782b00000)
 Metaspace       used 17045K, capacity 17564K, committed 17664K, reserved 1064960K
  class space    used 2120K, capacity 2263K, committed 2304K, reserved 1048576K
Event: 1.874 GC heap after
Heap after GC invocations=2 (full 0):
 PSYoungGen      total 18944K, used 2528K [0x00000007aab00000, 0x00000007ac000000, 0x00000007c0000000)
  eden space 16384K, 0% used [0x00000007aab00000,0x00000007aab00000,0x00000007abb00000)
  from space 2560K, 98% used [0x00000007abd80000,0x00000007abff8040,0x00000007ac000000)
  to   space 2560K, 0% used [0x00000007abb00000,0x00000007abb00000,0x00000007abd80000)
 ParOldGen       total 44032K, used 3821K [0x0000000780000000, 0x0000000782b00000, 0x00000007aab00000)
  object space 44032K, 8% used [0x0000000780000000,0x00000007803bb7b8,0x0000000782b00000)
 Metaspace       used 17045K, capacity 17564K, committed 17664K, reserved 1064960K
  class space    used 2120K, capacity 2263K, committed 2304K, reserved 1048576K
}
Event: 2.211 GC heap before
{Heap before GC invocations=3 (full 0):
 PSYoungGen      total 18944K, used 12007K [0x00000007aab00000, 0x00000007ac000000, 0x00000007c0000000)
  eden space 16384K, 57% used [0x00000007aab00000,0x00000007ab441d08,0x00000007abb00000)
  from space 2560K, 98% used [0x00000007abd80000,0x00000007abff8040,0x00000007ac000000)
  to   space 2560K, 0% used [0x00000007abb00000,0x00000007abb00000,0x00000007abd80000)
 ParOldGen       total 44032K, used 3821K [0x0000000780000000, 0x0000000782b00000, 0x00000007aab00000)
  object space 44032K, 8% used [0x0000000780000000,0x00000007803bb7b8,0x0000000782b00000)
 Metaspace       used 20592K, capacity 21272K, committed 21296K, reserved 1067008K
  class space    used 2762K, capacity 2943K, committed 2944K, reserved 1048576K
Event: 2.217 GC heap after
Heap after GC invocations=3 (full 0):
 PSYoungGen      total 18944K, used 2544K [0x00000007aab00000, 0x00000007ad000000, 0x00000007c0000000)
  eden space 16384K, 0% used [0x00000007aab00000,0x00000007aab00000,0x00000007abb00000)
  from space 2560K, 99% used [0x00000007abb00000,0x00000007abd7c030,0x00000007abd80000)
  to   space 2560K, 0% used [0x00000007acd80000,0x00000007acd80000,0x00000007ad000000)
 ParOldGen       total 44032K, used 4847K [0x0000000780000000, 0x0000000782b00000, 0x00000007aab00000)
  object space 44032K, 11% used [0x0000000780000000,0x00000007804bbdf8,0x0000000782b00000)
 Metaspace       used 20592K, capacity 21272K, committed 21296K, reserved 1067008K
  class space    used 2762K, capacity 2943K, committed 2944K, reserved 1048576K
}
Event: 2.217 GC heap before
{Heap before GC invocations=4 (full 1):
 PSYoungGen      total 18944K, used 2544K [0x00000007aab00000, 0x00000007ad000000, 0x00000007c0000000)
  eden space 16384K, 0% used [0x00000007aab00000,0x00000007aab00000,0x00000007abb00000)
  from space 2560K, 99% used [0x00000007abb00000,0x00000007abd7c030,0x00000007abd80000)
  to   space 2560K, 0% used [0x00000007acd80000,0x00000007acd80000,0x00000007ad000000)
 ParOldGen       total 44032K, used 4847K [0x0000000780000000, 0x0000000782b00000, 0x00000007aab00000)
  object space 44032K, 11% used [0x0000000780000000,0x00000007804bbdf8,0x0000000782b00000)
 Metaspace       used 20592K, capacity 21272K, committed 21296K, reserved 1067008K
  class space    used 2762K, capacity 2943K, committed 2944K, reserved 1048576K
Event: 2.274 GC heap after
Heap after GC invocations=4 (full 1):
 PSYoungGen      total 18944K, used 0K [0x00000007aab00000, 0x00000007ad000000, 0x00000007c0000000)
  eden space 16384K, 0% used [0x00000007aab00000,0x00000007aab00000,0x00000007abb00000)
  from space 2560K, 0% used [0x00000007abb00000,0x00000007abb00000,0x00000007abd80000)
  to   space 2560K, 0% used [0x00000007acd80000,0x00000007acd80000,0x00000007ad000000)
 ParOldGen       total 38912K, used 7218K [0x0000000780000000, 0x0000000782600000, 0x00000007aab00000)
  object space 38912K, 18% used [0x0000000780000000,0x000000078070ca38,0x0000000782600000)
 Metaspace       used 20592K, capacity 21272K, committed 21296K, reserved 1067008K
  class space    used 2762K, capacity 2943K, committed 2944K, reserved 1048576K
}
Event: 3.972 GC heap before
{Heap before GC invocations=5 (full 1):
 PSYoungGen      total 18944K, used 16384K [0x00000007aab00000, 0x00000007ad000000, 0x00000007c0000000)
  eden space 16384K, 100% used [0x00000007aab00000,0x00000007abb00000,0x00000007abb00000)
  from space 2560K, 0% used [0x00000007abb00000,0x00000007abb00000,0x00000007abd80000)
  to   space 2560K, 0% used [0x00000007acd80000,0x00000007acd80000,0x00000007ad000000)
 ParOldGen       total 38912K, used 7218K [0x0000000780000000, 0x0000000782600000, 0x00000007aab00000)
  object space 38912K, 18% used [0x0000000780000000,0x000000078070ca38,0x0000000782600000)
 Metaspace       used 23304K, capacity 24374K, committed 24704K, reserved 1071104K
  class space    used 3169K, capacity 3382K, committed 3456K, reserved 1048576K
Event: 4.012 GC heap after
Heap after GC invocations=5 (full 1):
 PSYoungGen      total 25088K, used 2528K [0x00000007aab00000, 0x00000007ad000000, 0x00000007c0000000)
  eden space 22528K, 0% used [0x00000007aab00000,0x00000007aab00000,0x00000007ac100000)
  from space 2560K, 98% used [0x00000007acd80000,0x00000007acff8010,0x00000007ad000000)
  to   space 2560K, 0% used [0x00000007acb00000,0x00000007acb00000,0x00000007acd80000)
 ParOldGen       total 38912K, used 9759K [0x0000000780000000, 0x0000000782600000, 0x00000007aab00000)
  object space 38912K, 25% used [0x0000000780000000,0x0000000780987d88,0x0000000782600000)
 Metaspace       used 23304K, capacity 24374K, committed 24704K, reserved 1071104K
  class space    used 3169K, capacity 3382K, committed 3456K, reserved 1048576K
}

