# JRE version: Java(TM) SE Runtime Environment (8.0_40-b27) (build 1.8.0_40-b27)
# Java VM: Java HotSpot(TM) 64-Bit Server VM (25.40-b25 mixed mode bsd-amd64 compressed oops)
Heap:
 PSYoungGen      total 26112K, used 9084K [0x00000007aab00000, 0x00000007ad000000, 0x00000007c0000000)
  eden space 23552K, 27% used [0x00000007aab00000,0x00000007ab162688,0x00000007ac200000)
  from space 2560K, 99% used [0x00000007acd80000,0x00000007acffca80,0x00000007ad000000)
  to   space 2560K, 0% used [0x00000007acb00000,0x00000007acb00000,0x00000007acd80000)
 ParOldGen       total 38912K, used 9623K [0x0000000780000000, 0x0000000782600000, 0x00000007aab00000)
  object space 38912K, 24% used [0x0000000780000000,0x0000000780965c90,0x0000000782600000)
 Metaspace       used 24672K, capacity 25966K, committed 26240K, reserved 1071104K
  class space    used 3358K, capacity 3642K, committed 3712K, reserved 1048576K
GC Heap History (10 events):
Event: 0.723 GC heap before
{Heap before GC invocations=1 (full 0):
 PSYoungGen      total 18944K, used 16384K [0x00000007aab00000, 0x00000007ac000000, 0x00000007c0000000)
  eden space 16384K, 100% used [0x00000007aab00000,0x00000007abb00000,0x00000007abb00000)
  from space 2560K, 0% used [0x00000007abd80000,0x00000007abd80000,0x00000007ac000000)
  to   space 2560K, 0% used [0x00000007abb00000,0x00000007abb00000,0x00000007abd80000)
 ParOldGen       total 44032K, used 0K [0x0000000780000000, 0x0000000782b00000, 0x00000007aab00000)
  object space 44032K, 0% used [0x0000000780000000,0x0000000780000000,0x0000000782b00000)
 Metaspace       used 9087K, capacity 9470K, committed 9728K, reserved 1058816K
  class space    used 1108K, capacity 1231K, committed 1280K, reserved 1048576K
Event: 0.729 GC heap after
Heap after GC invocations=1 (full 0):
 PSYoungGen      total 18944K, used 2544K [0x00000007aab00000, 0x00000007ac000000, 0x00000007c0000000)
  eden space 16384K, 0% used [0x00000007aab00000,0x00000007aab00000,0x00000007abb00000)
  from space 2560K, 99% used [0x00000007abb00000,0x00000007abd7c030,0x00000007abd80000)
  to   space 2560K, 0% used [0x00000007abd80000,0x00000007abd80000,0x00000007ac000000)
 ParOldGen       total 44032K, used 304K [0x0000000780000000, 0x0000000782b00000, 0x00000007aab00000)
  object space 44032K, 0% used [0x0000000780000000,0x000000078004c010,0x0000000782b00000)
 Metaspace       used 9087K, capacity 9470K, committed 9728K, reserved 1058816K
  class space    used 1108K, capacity 1231K, committed 1280K, reserved 1048576K
}
Event: 1.594 GC heap before
{Heap before GC invocations=2 (full 0):
 PSYoungGen      total 18944K, used 18928K [0x00000007aab00000, 0x00000007ac000000, 0x00000007c0000000)
  eden space 16384K, 100% used [0x00000007aab00000,0x00000007abb00000,0x00000007abb00000)
  from space 2560K, 99% used [0x00000007abb00000,0x00000007abd7c030,0x00000007abd80000)
  to   space 2560K, 0% used [0x00000007abd80000,0x00000007abd80000,0x00000007ac000000)
 ParOldGen       total 44032K, used 304K [0x0000000780000000, 0x0000000782b00000, 0x00000007aab00000)
  object space 44032K, 0% used [0x0000000780000000,0x000000078004c010,0x0000000782b00000)
 Metaspace       used 17120K, capacity 17532K, committed 17664K, reserved 1064960K
  class space    used 2117K, capacity 2231K, committed 2304K, reserved 1048576K
Event: 1.601 GC heap after
Heap after GC invocations=2 (full 0):
 PSYoungGen      total 18944K, used 2544K [0x00000007aab00000, 0x00000007ac000000, 0x00000007c0000000)
  eden space 16384K, 0% used [0x00000007aab00000,0x00000007aab00000,0x00000007abb00000)
  from space 2560K, 99% used [0x00000007abd80000,0x00000007abffc030,0x00000007ac000000)
  to   space 2560K, 0% used [0x00000007abb00000,0x00000007abb00000,0x00000007abd80000)
 ParOldGen       total 44032K, used 3975K [0x0000000780000000, 0x0000000782b00000, 0x00000007aab00000)
  object space 44032K, 9% used [0x0000000780000000,0x00000007803e1ed0,0x0000000782b00000)
 Metaspace       used 17120K, capacity 17532K, committed 17664K, reserved 1064960K
  class space    used 2117K, capacity 2231K, committed 2304K, reserved 1048576K
}
Event: 1.952 GC heap before
{Heap before GC invocations=3 (full 0):
 PSYoungGen      total 18944K, used 11850K [0x00000007aab00000, 0x00000007ac000000, 0x00000007c0000000)
  eden space 16384K, 56% used [0x00000007aab00000,0x00000007ab416850,0x00000007abb00000)
  from space 2560K, 99% used [0x00000007abd80000,0x00000007abffc030,0x00000007ac000000)
  to   space 2560K, 0% used [0x00000007abb00000,0x00000007abb00000,0x00000007abd80000)
 ParOldGen       total 44032K, used 3975K [0x0000000780000000, 0x0000000782b00000, 0x00000007aab00000)
  object space 44032K, 9% used [0x0000000780000000,0x00000007803e1ed0,0x0000000782b00000)
 Metaspace       used 20596K, capacity 21276K, committed 21296K, reserved 1067008K
  class space    used 2762K, capacity 2943K, committed 2944K, reserved 1048576K
Event: 1.961 GC heap after
Heap after GC invocations=3 (full 0):
 PSYoungGen      total 18944K, used 2528K [0x00000007aab00000, 0x00000007ad000000, 0x00000007c0000000)
  eden space 16384K, 0% used [0x00000007aab00000,0x00000007aab00000,0x00000007abb00000)
  from space 2560K, 98% used [0x00000007abb00000,0x00000007abd78020,0x00000007abd80000)
  to   space 2560K, 0% used [0x00000007acd80000,0x00000007acd80000,0x00000007ad000000)
 ParOldGen       total 44032K, used 4939K [0x0000000780000000, 0x0000000782b00000, 0x00000007aab00000)
  object space 44032K, 11% used [0x0000000780000000,0x00000007804d2e68,0x0000000782b00000)
 Metaspace       used 20596K, capacity 21276K, committed 21296K, reserved 1067008K
  class space    used 2762K, capacity 2943K, committed 2944K, reserved 1048576K
}
Event: 1.961 GC heap before
{Heap before GC invocations=4 (full 1):
 PSYoungGen      total 18944K, used 2528K [0x00000007aab00000, 0x00000007ad000000, 0x00000007c0000000)
  eden space 16384K, 0% used [0x00000007aab00000,0x00000007aab00000,0x00000007abb00000)
  from space 2560K, 98% used [0x00000007abb00000,0x00000007abd78020,0x00000007abd80000)
  to   space 2560K, 0% used [0x00000007acd80000,0x00000007acd80000,0x00000007ad000000)
 ParOldGen       total 44032K, used 4939K [0x0000000780000000, 0x0000000782b00000, 0x00000007aab00000)
  object space 44032K, 11% used [0x0000000780000000,0x00000007804d2e68,0x0000000782b00000)
 Metaspace       used 20596K, capacity 21276K, committed 21296K, reserved 1067008K
  class space    used 2762K, capacity 2943K, committed 2944K, reserved 1048576K
Event: 2.015 GC heap after
Heap after GC invocations=4 (full 1):
 PSYoungGen      total 18944K, used 0K [0x00000007aab00000, 0x00000007ad000000, 0x00000007c0000000)
  eden space 16384K, 0% used [0x00000007aab00000,0x00000007aab00000,0x00000007abb00000)
  from space 2560K, 0% used [0x00000007abb00000,0x00000007abb00000,0x00000007abd80000)
  to   space 2560K, 0% used [0x00000007acd80000,0x00000007acd80000,0x00000007ad000000)
 ParOldGen       total 38912K, used 7184K [0x0000000780000000, 0x0000000782600000, 0x00000007aab00000)
  object space 38912K, 18% used [0x0000000780000000,0x0000000780704020,0x0000000782600000)
 Metaspace       used 20596K, capacity 21276K, committed 21296K, reserved 1067008K
  class space    used 2762K, capacity 2943K, committed 2944K, reserved 1048576K
}
Event: 3.618 GC heap before
{Heap before GC invocations=5 (full 1):
 PSYoungGen      total 18944K, used 16384K [0x00000007aab00000, 0x00000007ad000000, 0x00000007c0000000)
  eden space 16384K, 100% used [0x00000007aab00000,0x00000007abb00000,0x00000007abb00000)
  from space 2560K, 0% used [0x00000007abb00000,0x00000007abb00000,0x00000007abd80000)
  to   space 2560K, 0% used [0x00000007acd80000,0x00000007acd80000,0x00000007ad000000)
 ParOldGen       total 38912K, used 7184K [0x0000000780000000, 0x0000000782600000, 0x00000007aab00000)
  object space 38912K, 18% used [0x0000000780000000,0x0000000780704020,0x0000000782600000)
 Metaspace       used 23340K, capacity 24438K, committed 24704K, reserved 1071104K
  class space    used 3173K, capacity 3382K, committed 3456K, reserved 1048576K
Event: 3.684 GC heap after
Heap after GC invocations=5 (full 1):
 PSYoungGen      total 26112K, used 2546K [0x00000007aab00000, 0x00000007ad000000, 0x00000007c0000000)
  eden space 23552K, 0% used [0x00000007aab00000,0x00000007aab00000,0x00000007ac200000)
  from space 2560K, 99% used [0x00000007acd80000,0x00000007acffca80,0x00000007ad000000)
  to   space 2560K, 0% used [0x00000007acb00000,0x00000007acb00000,0x00000007acd80000)
 ParOldGen       total 38912K, used 9623K [0x0000000780000000, 0x0000000782600000, 0x00000007aab00000)
  object space 38912K, 24% used [0x0000000780000000,0x0000000780965c90,0x0000000782600000)
 Metaspace       used 23340K, capacity 24438K, committed 24704K, reserved 1071104K
  class space    used 3173K, capacity 3382K, committed 3456K, reserved 1048576K
}

