# JRE version: Java(TM) SE Runtime Environment (8.0_40-b27) (build 1.8.0_40-b27)
# Java VM: Java HotSpot(TM) 64-Bit Server VM (25.40-b25 mixed mode bsd-amd64 compressed oops)
Heap:
 PSYoungGen      total 18944K, used 16009K [0x00000007aab00000, 0x00000007ac700000, 0x00000007c0000000)
  eden space 16384K, 82% used [0x00000007aab00000,0x00000007ab8225e8,0x00000007abb00000)
  from space 2560K, 100% used [0x00000007abd80000,0x00000007ac000000,0x00000007ac000000)
  to   space 2560K, 0% used [0x00000007abb00000,0x00000007abb00000,0x00000007abd80000)
 ParOldGen       total 34816K, used 6094K [0x0000000780000000, 0x0000000782200000, 0x00000007aab00000)
  object space 34816K, 17% used [0x0000000780000000,0x00000007805f3a60,0x0000000782200000)
 Metaspace       used 25124K, capacity 26442K, committed 26752K, reserved 1073152K
  class space    used 3374K, capacity 3644K, committed 3712K, reserved 1048576K
GC Heap History (10 events):
Event: 2.064 GC heap before
{Heap before GC invocations=1 (full 0):
 PSYoungGen      total 18944K, used 16384K [0x00000007aab00000, 0x00000007ac000000, 0x00000007c0000000)
  eden space 16384K, 100% used [0x00000007aab00000,0x00000007abb00000,0x00000007abb00000)
  from space 2560K, 0% used [0x00000007abd80000,0x00000007abd80000,0x00000007ac000000)
  to   space 2560K, 0% used [0x00000007abb00000,0x00000007abb00000,0x00000007abd80000)
 ParOldGen       total 44032K, used 0K [0x0000000780000000, 0x0000000782b00000, 0x00000007aab00000)
  object space 44032K, 0% used [0x0000000780000000,0x0000000780000000,0x0000000782b00000)
 Metaspace       used 9094K, capacity 9406K, committed 9472K, reserved 1056768K
  class space    used 1103K, capacity 1231K, committed 1280K, reserved 1048576K
Event: 2.073 GC heap after
Heap after GC invocations=1 (full 0):
 PSYoungGen      total 18944K, used 2528K [0x00000007aab00000, 0x00000007ac000000, 0x00000007c0000000)
  eden space 16384K, 0% used [0x00000007aab00000,0x00000007aab00000,0x00000007abb00000)
  from space 2560K, 98% used [0x00000007abb00000,0x00000007abd78050,0x00000007abd80000)
  to   space 2560K, 0% used [0x00000007abd80000,0x00000007abd80000,0x00000007ac000000)
 ParOldGen       total 44032K, used 312K [0x0000000780000000, 0x0000000782b00000, 0x00000007aab00000)
  object space 44032K, 0% used [0x0000000780000000,0x000000078004e000,0x0000000782b00000)
 Metaspace       used 9094K, capacity 9406K, committed 9472K, reserved 1056768K
  class space    used 1103K, capacity 1231K, committed 1280K, reserved 1048576K
}
Event: 3.296 GC heap before
{Heap before GC invocations=2 (full 0):
 PSYoungGen      total 18944K, used 18912K [0x00000007aab00000, 0x00000007ac000000, 0x00000007c0000000)
  eden space 16384K, 100% used [0x00000007aab00000,0x00000007abb00000,0x00000007abb00000)
  from space 2560K, 98% used [0x00000007abb00000,0x00000007abd78050,0x00000007abd80000)
  to   space 2560K, 0% used [0x00000007abd80000,0x00000007abd80000,0x00000007ac000000)
 ParOldGen       total 44032K, used 312K [0x0000000780000000, 0x0000000782b00000, 0x00000007aab00000)
  object space 44032K, 0% used [0x0000000780000000,0x000000078004e000,0x0000000782b00000)
 Metaspace       used 17041K, capacity 17512K, committed 17664K, reserved 1064960K
  class space    used 2123K, capacity 2265K, committed 2304K, reserved 1048576K
Event: 3.307 GC heap after
Heap after GC invocations=2 (full 0):
 PSYoungGen      total 18944K, used 2544K [0x00000007aab00000, 0x00000007ac000000, 0x00000007c0000000)
  eden space 16384K, 0% used [0x00000007aab00000,0x00000007aab00000,0x00000007abb00000)
  from space 2560K, 99% used [0x00000007abd80000,0x00000007abffc030,0x00000007ac000000)
  to   space 2560K, 0% used [0x00000007abb00000,0x00000007abb00000,0x00000007abd80000)
 ParOldGen       total 44032K, used 3742K [0x0000000780000000, 0x0000000782b00000, 0x00000007aab00000)
  object space 44032K, 8% used [0x0000000780000000,0x00000007803a7990,0x0000000782b00000)
 Metaspace       used 17041K, capacity 17512K, committed 17664K, reserved 1064960K
  class space    used 2123K, capacity 2265K, committed 2304K, reserved 1048576K
}
Event: 3.827 GC heap before
{Heap before GC invocations=3 (full 0):
 PSYoungGen      total 18944K, used 12178K [0x00000007aab00000, 0x00000007ac000000, 0x00000007c0000000)
  eden space 16384K, 58% used [0x00000007aab00000,0x00000007ab4689c8,0x00000007abb00000)
  from space 2560K, 99% used [0x00000007abd80000,0x00000007abffc030,0x00000007ac000000)
  to   space 2560K, 0% used [0x00000007abb00000,0x00000007abb00000,0x00000007abd80000)
 ParOldGen       total 44032K, used 3742K [0x0000000780000000, 0x0000000782b00000, 0x00000007aab00000)
  object space 44032K, 8% used [0x0000000780000000,0x00000007803a7990,0x0000000782b00000)
 Metaspace       used 20595K, capacity 21284K, committed 21296K, reserved 1067008K
  class space    used 2748K, capacity 2935K, committed 2944K, reserved 1048576K
Event: 3.833 GC heap after
Heap after GC invocations=3 (full 0):
 PSYoungGen      total 18944K, used 2528K [0x00000007aab00000, 0x00000007ac000000, 0x00000007c0000000)
  eden space 16384K, 0% used [0x00000007aab00000,0x00000007aab00000,0x00000007abb00000)
  from space 2560K, 98% used [0x00000007abb00000,0x00000007abd78020,0x00000007abd80000)
  to   space 2560K, 0% used [0x00000007abd80000,0x00000007abd80000,0x00000007ac000000)
 ParOldGen       total 44032K, used 4890K [0x0000000780000000, 0x0000000782b00000, 0x00000007aab00000)
  object space 44032K, 11% used [0x0000000780000000,0x00000007804c6be8,0x0000000782b00000)
 Metaspace       used 20595K, capacity 21284K, committed 21296K, reserved 1067008K
  class space    used 2748K, capacity 2935K, committed 2944K, reserved 1048576K
}
Event: 3.833 GC heap before
{Heap before GC invocations=4 (full 1):
 PSYoungGen      total 18944K, used 2528K [0x00000007aab00000, 0x00000007ac000000, 0x00000007c0000000)
  eden space 16384K, 0% used [0x00000007aab00000,0x00000007aab00000,0x00000007abb00000)
  from space 2560K, 98% used [0x00000007abb00000,0x00000007abd78020,0x00000007abd80000)
  to   space 2560K, 0% used [0x00000007abd80000,0x00000007abd80000,0x00000007ac000000)
 ParOldGen       total 44032K, used 4890K [0x0000000780000000, 0x0000000782b00000, 0x00000007aab00000)
  object space 44032K, 11% used [0x0000000780000000,0x00000007804c6be8,0x0000000782b00000)
 Metaspace       used 20595K, capacity 21284K, committed 21296K, reserved 1067008K
  class space    used 2748K, capacity 2935K, committed 2944K, reserved 1048576K
Event: 3.868 GC heap after
Heap after GC invocations=4 (full 1):
 PSYoungGen      total 18944K, used 0K [0x00000007aab00000, 0x00000007ac000000, 0x00000007c0000000)
  eden space 16384K, 0% used [0x00000007aab00000,0x00000007aab00000,0x00000007abb00000)
  from space 2560K, 0% used [0x00000007abb00000,0x00000007abb00000,0x00000007abd80000)
  to   space 2560K, 0% used [0x00000007abd80000,0x00000007abd80000,0x00000007ac000000)
 ParOldGen       total 34816K, used 5518K [0x0000000780000000, 0x0000000782200000, 0x00000007aab00000)
  object space 34816K, 15% used [0x0000000780000000,0x0000000780563a60,0x0000000782200000)
 Metaspace       used 20595K, capacity 21284K, committed 21296K, reserved 1067008K
  class space    used 2748K, capacity 2935K, committed 2944K, reserved 1048576K
}
Event: 5.819 GC heap before
{Heap before GC invocations=5 (full 1):
 PSYoungGen      total 18944K, used 16252K [0x00000007aab00000, 0x00000007ac000000, 0x00000007c0000000)
  eden space 16384K, 99% used [0x00000007aab00000,0x00000007abadf1d8,0x00000007abb00000)
  from space 2560K, 0% used [0x00000007abb00000,0x00000007abb00000,0x00000007abd80000)
  to   space 2560K, 0% used [0x00000007abd80000,0x00000007abd80000,0x00000007ac000000)
 ParOldGen       total 34816K, used 5518K [0x0000000780000000, 0x0000000782200000, 0x00000007aab00000)
  object space 34816K, 15% used [0x0000000780000000,0x0000000780563a60,0x0000000782200000)
 Metaspace       used 23909K, capacity 25082K, committed 25344K, reserved 1071104K
  class space    used 3298K, capacity 3532K, committed 3584K, reserved 1048576K
Event: 5.825 GC heap after
Heap after GC invocations=5 (full 1):
 PSYoungGen      total 18944K, used 2560K [0x00000007aab00000, 0x00000007ac700000, 0x00000007c0000000)
  eden space 16384K, 0% used [0x00000007aab00000,0x00000007aab00000,0x00000007abb00000)
  from space 2560K, 100% used [0x00000007abd80000,0x00000007ac000000,0x00000007ac000000)
  to   space 2560K, 0% used [0x00000007abb00000,0x00000007abb00000,0x00000007abd80000)
 ParOldGen       total 34816K, used 6094K [0x0000000780000000, 0x0000000782200000, 0x00000007aab00000)
  object space 34816K, 17% used [0x0000000780000000,0x00000007805f3a60,0x0000000782200000)
 Metaspace       used 23909K, capacity 25082K, committed 25344K, reserved 1071104K
  class space    used 3298K, capacity 3532K, committed 3584K, reserved 1048576K
}

